<?xml version="1.0" encoding="UTF-8"?>
<testsuite name="com.string.search.via.web.String.search.testService.FileSystemTraverseAndZipOpeningTest" tests="1" skipped="0" failures="0" errors="0" timestamp="2023-12-06T16:04:44" hostname="DESKTOP-JJ54T3R" time="0.073">
  <properties/>
  <testcase name="testForArchiveFolders()" classname="com.string.search.via.web.String.search.testService.FileSystemTraverseAndZipOpeningTest" time="0.073"/>
  <system-out><![CDATA[root folder contains:
C:\Users\Stanislav\Github\folder-to-test-zip\CCleaner.zip
C:\Users\Stanislav\Github\folder-to-test-zip\folder
C:\Users\Stanislav\Github\folder-to-test-zip\folder5
C:\Users\Stanislav\Github\folder-to-test-zip\test.txt
--------------------------------
Found link: C:\Users\Stanislav\Github\folder-to-test-zip
Found link: C:\Users\Stanislav\Github\folder-to-test-zip
Found link: C:\Users\Stanislav\Github\folder-to-test-zip\folder
Found link: C:\Users\Stanislav\Github\folder-to-test-zip\folder5
--------------------------------
Link to be searched = C:\Users\Stanislav\Github\folder-to-test-zip
Link to be searched = C:\Users\Stanislav\Github\folder-to-test-zip\folder
Link to be searched = C:\Users\Stanislav\Github\folder-to-test-zip\folder5
C:\Users\Stanislav\Github\folder-to-test-zip
Found link which contains .zip C:\Users\Stanislav\Github\folder-to-test-zip CCleaner.zip
C:\Users\Stanislav\Github\folder-to-test-zip\folder
C:\Users\Stanislav\Github\folder-to-test-zip\folder5
Found link which contains .zip C:\Users\Stanislav\Github\folder-to-test-zip\folder5 file1.zip
Found link which contains .zip C:\Users\Stanislav\Github\folder-to-test-zip\folder5 file3.zip
]]></system-out>
  <system-err><![CDATA[]]></system-err>
</testsuite>
